Start testing: Oct 22 16:06 MSK
----------------------------------------------------------
1/32 Testing: BytesTest.FloatToInteger
1/32 Test: BytesTest.FloatToInteger
Command: "/home/oster/OsterLib/tests/bytes_test" "--gtest_filter=BytesTest.FloatToInteger" "--gtest_also_run_disabled_tests"
Directory: /home/oster/OsterLib/tests
"BytesTest.FloatToInteger" start time: Oct 22 16:06 MSK
Output:
----------------------------------------------------------
Note: Google Test filter = BytesTest.FloatToInteger
[==========] Running 1 test from 1 test suite.
[----------] Global test environment set-up.
[----------] 1 test from BytesTest
[ RUN      ] BytesTest.FloatToInteger
[       OK ] BytesTest.FloatToInteger (0 ms)
[----------] 1 test from BytesTest (0 ms total)

[----------] Global test environment tear-down
[==========] 1 test from 1 test suite ran. (0 ms total)
[  PASSED  ] 1 test.
<end of output>
Test time =   0.00 sec
----------------------------------------------------------
Test Passed.
"BytesTest.FloatToInteger" end time: Oct 22 16:06 MSK
"BytesTest.FloatToInteger" time elapsed: 00:00:00
----------------------------------------------------------

2/32 Testing: BytesTest.DoubleToLongInteger
2/32 Test: BytesTest.DoubleToLongInteger
Command: "/home/oster/OsterLib/tests/bytes_test" "--gtest_filter=BytesTest.DoubleToLongInteger" "--gtest_also_run_disabled_tests"
Directory: /home/oster/OsterLib/tests
"BytesTest.DoubleToLongInteger" start time: Oct 22 16:06 MSK
Output:
----------------------------------------------------------
Note: Google Test filter = BytesTest.DoubleToLongInteger
[==========] Running 1 test from 1 test suite.
[----------] Global test environment set-up.
[----------] 1 test from BytesTest
[ RUN      ] BytesTest.DoubleToLongInteger
[       OK ] BytesTest.DoubleToLongInteger (0 ms)
[----------] 1 test from BytesTest (0 ms total)

[----------] Global test environment tear-down
[==========] 1 test from 1 test suite ran. (0 ms total)
[  PASSED  ] 1 test.
<end of output>
Test time =   0.00 sec
----------------------------------------------------------
Test Passed.
"BytesTest.DoubleToLongInteger" end time: Oct 22 16:06 MSK
"BytesTest.DoubleToLongInteger" time elapsed: 00:00:00
----------------------------------------------------------

3/32 Testing: BytesTest.IntegerToFloat
3/32 Test: BytesTest.IntegerToFloat
Command: "/home/oster/OsterLib/tests/bytes_test" "--gtest_filter=BytesTest.IntegerToFloat" "--gtest_also_run_disabled_tests"
Directory: /home/oster/OsterLib/tests
"BytesTest.IntegerToFloat" start time: Oct 22 16:06 MSK
Output:
----------------------------------------------------------
Note: Google Test filter = BytesTest.IntegerToFloat
[==========] Running 1 test from 1 test suite.
[----------] Global test environment set-up.
[----------] 1 test from BytesTest
[ RUN      ] BytesTest.IntegerToFloat
[       OK ] BytesTest.IntegerToFloat (0 ms)
[----------] 1 test from BytesTest (0 ms total)

[----------] Global test environment tear-down
[==========] 1 test from 1 test suite ran. (0 ms total)
[  PASSED  ] 1 test.
<end of output>
Test time =   0.00 sec
----------------------------------------------------------
Test Passed.
"BytesTest.IntegerToFloat" end time: Oct 22 16:06 MSK
"BytesTest.IntegerToFloat" time elapsed: 00:00:00
----------------------------------------------------------

4/32 Testing: BytesTest.LongIntegerToDouble
4/32 Test: BytesTest.LongIntegerToDouble
Command: "/home/oster/OsterLib/tests/bytes_test" "--gtest_filter=BytesTest.LongIntegerToDouble" "--gtest_also_run_disabled_tests"
Directory: /home/oster/OsterLib/tests
"BytesTest.LongIntegerToDouble" start time: Oct 22 16:06 MSK
Output:
----------------------------------------------------------
Note: Google Test filter = BytesTest.LongIntegerToDouble
[==========] Running 1 test from 1 test suite.
[----------] Global test environment set-up.
[----------] 1 test from BytesTest
[ RUN      ] BytesTest.LongIntegerToDouble
[       OK ] BytesTest.LongIntegerToDouble (0 ms)
[----------] 1 test from BytesTest (0 ms total)

[----------] Global test environment tear-down
[==========] 1 test from 1 test suite ran. (0 ms total)
[  PASSED  ] 1 test.
<end of output>
Test time =   0.00 sec
----------------------------------------------------------
Test Passed.
"BytesTest.LongIntegerToDouble" end time: Oct 22 16:06 MSK
"BytesTest.LongIntegerToDouble" time elapsed: 00:00:00
----------------------------------------------------------

5/32 Testing: BytesTest.DetectLittleEndian
5/32 Test: BytesTest.DetectLittleEndian
Command: "/home/oster/OsterLib/tests/bytes_test" "--gtest_filter=BytesTest.DetectLittleEndian" "--gtest_also_run_disabled_tests"
Directory: /home/oster/OsterLib/tests
"BytesTest.DetectLittleEndian" start time: Oct 22 16:06 MSK
Output:
----------------------------------------------------------
Note: Google Test filter = BytesTest.DetectLittleEndian
[==========] Running 1 test from 1 test suite.
[----------] Global test environment set-up.
[----------] 1 test from BytesTest
[ RUN      ] BytesTest.DetectLittleEndian
[       OK ] BytesTest.DetectLittleEndian (0 ms)
[----------] 1 test from BytesTest (0 ms total)

[----------] Global test environment tear-down
[==========] 1 test from 1 test suite ran. (0 ms total)
[  PASSED  ] 1 test.
<end of output>
Test time =   0.00 sec
----------------------------------------------------------
Test Passed.
"BytesTest.DetectLittleEndian" end time: Oct 22 16:06 MSK
"BytesTest.DetectLittleEndian" time elapsed: 00:00:00
----------------------------------------------------------

6/32 Testing: Serialization.SerializeInt
6/32 Test: Serialization.SerializeInt
Command: "/home/oster/OsterLib/tests/serialization_test" "--gtest_filter=Serialization.SerializeInt" "--gtest_also_run_disabled_tests"
Directory: /home/oster/OsterLib/tests
"Serialization.SerializeInt" start time: Oct 22 16:06 MSK
Output:
----------------------------------------------------------
Note: Google Test filter = Serialization.SerializeInt
[==========] Running 1 test from 1 test suite.
[----------] Global test environment set-up.
[----------] 1 test from Serialization
[ RUN      ] Serialization.SerializeInt
[       OK ] Serialization.SerializeInt (0 ms)
[----------] 1 test from Serialization (0 ms total)

[----------] Global test environment tear-down
[==========] 1 test from 1 test suite ran. (0 ms total)
[  PASSED  ] 1 test.
<end of output>
Test time =   0.00 sec
----------------------------------------------------------
Test Passed.
"Serialization.SerializeInt" end time: Oct 22 16:06 MSK
"Serialization.SerializeInt" time elapsed: 00:00:00
----------------------------------------------------------

7/32 Testing: Serialization.SerializeFloatingPoint
7/32 Test: Serialization.SerializeFloatingPoint
Command: "/home/oster/OsterLib/tests/serialization_test" "--gtest_filter=Serialization.SerializeFloatingPoint" "--gtest_also_run_disabled_tests"
Directory: /home/oster/OsterLib/tests
"Serialization.SerializeFloatingPoint" start time: Oct 22 16:06 MSK
Output:
----------------------------------------------------------
Note: Google Test filter = Serialization.SerializeFloatingPoint
[==========] Running 1 test from 1 test suite.
[----------] Global test environment set-up.
[----------] 1 test from Serialization
[ RUN      ] Serialization.SerializeFloatingPoint
[       OK ] Serialization.SerializeFloatingPoint (0 ms)
[----------] 1 test from Serialization (0 ms total)

[----------] Global test environment tear-down
[==========] 1 test from 1 test suite ran. (0 ms total)
[  PASSED  ] 1 test.
<end of output>
Test time =   0.00 sec
----------------------------------------------------------
Test Passed.
"Serialization.SerializeFloatingPoint" end time: Oct 22 16:06 MSK
"Serialization.SerializeFloatingPoint" time elapsed: 00:00:00
----------------------------------------------------------

8/32 Testing: Serialization.SerializeTimePoint
8/32 Test: Serialization.SerializeTimePoint
Command: "/home/oster/OsterLib/tests/serialization_test" "--gtest_filter=Serialization.SerializeTimePoint" "--gtest_also_run_disabled_tests"
Directory: /home/oster/OsterLib/tests
"Serialization.SerializeTimePoint" start time: Oct 22 16:06 MSK
Output:
----------------------------------------------------------
Note: Google Test filter = Serialization.SerializeTimePoint
[==========] Running 1 test from 1 test suite.
[----------] Global test environment set-up.
[----------] 1 test from Serialization
[ RUN      ] Serialization.SerializeTimePoint
[       OK ] Serialization.SerializeTimePoint (0 ms)
[----------] 1 test from Serialization (0 ms total)

[----------] Global test environment tear-down
[==========] 1 test from 1 test suite ran. (0 ms total)
[  PASSED  ] 1 test.
<end of output>
Test time =   0.00 sec
----------------------------------------------------------
Test Passed.
"Serialization.SerializeTimePoint" end time: Oct 22 16:06 MSK
"Serialization.SerializeTimePoint" time elapsed: 00:00:00
----------------------------------------------------------

9/32 Testing: Serialization.SerializeDuration
9/32 Test: Serialization.SerializeDuration
Command: "/home/oster/OsterLib/tests/serialization_test" "--gtest_filter=Serialization.SerializeDuration" "--gtest_also_run_disabled_tests"
Directory: /home/oster/OsterLib/tests
"Serialization.SerializeDuration" start time: Oct 22 16:06 MSK
Output:
----------------------------------------------------------
Note: Google Test filter = Serialization.SerializeDuration
[==========] Running 1 test from 1 test suite.
[----------] Global test environment set-up.
[----------] 1 test from Serialization
[ RUN      ] Serialization.SerializeDuration
[       OK ] Serialization.SerializeDuration (0 ms)
[----------] 1 test from Serialization (0 ms total)

[----------] Global test environment tear-down
[==========] 1 test from 1 test suite ran. (0 ms total)
[  PASSED  ] 1 test.
<end of output>
Test time =   0.00 sec
----------------------------------------------------------
Test Passed.
"Serialization.SerializeDuration" end time: Oct 22 16:06 MSK
"Serialization.SerializeDuration" time elapsed: 00:00:00
----------------------------------------------------------

10/32 Testing: Serialization.SerializeUniquePtr
10/32 Test: Serialization.SerializeUniquePtr
Command: "/home/oster/OsterLib/tests/serialization_test" "--gtest_filter=Serialization.SerializeUniquePtr" "--gtest_also_run_disabled_tests"
Directory: /home/oster/OsterLib/tests
"Serialization.SerializeUniquePtr" start time: Oct 22 16:06 MSK
Output:
----------------------------------------------------------
Note: Google Test filter = Serialization.SerializeUniquePtr
[==========] Running 1 test from 1 test suite.
[----------] Global test environment set-up.
[----------] 1 test from Serialization
[ RUN      ] Serialization.SerializeUniquePtr
[       OK ] Serialization.SerializeUniquePtr (0 ms)
[----------] 1 test from Serialization (0 ms total)

[----------] Global test environment tear-down
[==========] 1 test from 1 test suite ran. (0 ms total)
[  PASSED  ] 1 test.
<end of output>
Test time =   0.00 sec
----------------------------------------------------------
Test Passed.
"Serialization.SerializeUniquePtr" end time: Oct 22 16:06 MSK
"Serialization.SerializeUniquePtr" time elapsed: 00:00:00
----------------------------------------------------------

11/32 Testing: Serialization.SerializeSharedPtr
11/32 Test: Serialization.SerializeSharedPtr
Command: "/home/oster/OsterLib/tests/serialization_test" "--gtest_filter=Serialization.SerializeSharedPtr" "--gtest_also_run_disabled_tests"
Directory: /home/oster/OsterLib/tests
"Serialization.SerializeSharedPtr" start time: Oct 22 16:06 MSK
Output:
----------------------------------------------------------
Note: Google Test filter = Serialization.SerializeSharedPtr
[==========] Running 1 test from 1 test suite.
[----------] Global test environment set-up.
[----------] 1 test from Serialization
[ RUN      ] Serialization.SerializeSharedPtr
[       OK ] Serialization.SerializeSharedPtr (0 ms)
[----------] 1 test from Serialization (0 ms total)

[----------] Global test environment tear-down
[==========] 1 test from 1 test suite ran. (0 ms total)
[  PASSED  ] 1 test.
<end of output>
Test time =   0.00 sec
----------------------------------------------------------
Test Passed.
"Serialization.SerializeSharedPtr" end time: Oct 22 16:06 MSK
"Serialization.SerializeSharedPtr" time elapsed: 00:00:00
----------------------------------------------------------

12/32 Testing: Serialization.SerializePair
12/32 Test: Serialization.SerializePair
Command: "/home/oster/OsterLib/tests/serialization_test" "--gtest_filter=Serialization.SerializePair" "--gtest_also_run_disabled_tests"
Directory: /home/oster/OsterLib/tests
"Serialization.SerializePair" start time: Oct 22 16:06 MSK
Output:
----------------------------------------------------------
Note: Google Test filter = Serialization.SerializePair
[==========] Running 1 test from 1 test suite.
[----------] Global test environment set-up.
[----------] 1 test from Serialization
[ RUN      ] Serialization.SerializePair
[       OK ] Serialization.SerializePair (0 ms)
[----------] 1 test from Serialization (0 ms total)

[----------] Global test environment tear-down
[==========] 1 test from 1 test suite ran. (0 ms total)
[  PASSED  ] 1 test.
<end of output>
Test time =   0.00 sec
----------------------------------------------------------
Test Passed.
"Serialization.SerializePair" end time: Oct 22 16:06 MSK
"Serialization.SerializePair" time elapsed: 00:00:00
----------------------------------------------------------

13/32 Testing: Serialization.SerializeOptional
13/32 Test: Serialization.SerializeOptional
Command: "/home/oster/OsterLib/tests/serialization_test" "--gtest_filter=Serialization.SerializeOptional" "--gtest_also_run_disabled_tests"
Directory: /home/oster/OsterLib/tests
"Serialization.SerializeOptional" start time: Oct 22 16:06 MSK
Output:
----------------------------------------------------------
Note: Google Test filter = Serialization.SerializeOptional
[==========] Running 1 test from 1 test suite.
[----------] Global test environment set-up.
[----------] 1 test from Serialization
[ RUN      ] Serialization.SerializeOptional
[       OK ] Serialization.SerializeOptional (0 ms)
[----------] 1 test from Serialization (0 ms total)

[----------] Global test environment tear-down
[==========] 1 test from 1 test suite ran. (0 ms total)
[  PASSED  ] 1 test.
<end of output>
Test time =   0.00 sec
----------------------------------------------------------
Test Passed.
"Serialization.SerializeOptional" end time: Oct 22 16:06 MSK
"Serialization.SerializeOptional" time elapsed: 00:00:00
----------------------------------------------------------

14/32 Testing: Serialization.SerializeList
14/32 Test: Serialization.SerializeList
Command: "/home/oster/OsterLib/tests/serialization_test" "--gtest_filter=Serialization.SerializeList" "--gtest_also_run_disabled_tests"
Directory: /home/oster/OsterLib/tests
"Serialization.SerializeList" start time: Oct 22 16:06 MSK
Output:
----------------------------------------------------------
Note: Google Test filter = Serialization.SerializeList
[==========] Running 1 test from 1 test suite.
[----------] Global test environment set-up.
[----------] 1 test from Serialization
[ RUN      ] Serialization.SerializeList
[       OK ] Serialization.SerializeList (0 ms)
[----------] 1 test from Serialization (0 ms total)

[----------] Global test environment tear-down
[==========] 1 test from 1 test suite ran. (0 ms total)
[  PASSED  ] 1 test.
<end of output>
Test time =   0.00 sec
----------------------------------------------------------
Test Passed.
"Serialization.SerializeList" end time: Oct 22 16:06 MSK
"Serialization.SerializeList" time elapsed: 00:00:00
----------------------------------------------------------

15/32 Testing: Serialization.SerializeVector
15/32 Test: Serialization.SerializeVector
Command: "/home/oster/OsterLib/tests/serialization_test" "--gtest_filter=Serialization.SerializeVector" "--gtest_also_run_disabled_tests"
Directory: /home/oster/OsterLib/tests
"Serialization.SerializeVector" start time: Oct 22 16:06 MSK
Output:
----------------------------------------------------------
Note: Google Test filter = Serialization.SerializeVector
[==========] Running 1 test from 1 test suite.
[----------] Global test environment set-up.
[----------] 1 test from Serialization
[ RUN      ] Serialization.SerializeVector
[       OK ] Serialization.SerializeVector (0 ms)
[----------] 1 test from Serialization (0 ms total)

[----------] Global test environment tear-down
[==========] 1 test from 1 test suite ran. (0 ms total)
[  PASSED  ] 1 test.
<end of output>
Test time =   0.00 sec
----------------------------------------------------------
Test Passed.
"Serialization.SerializeVector" end time: Oct 22 16:06 MSK
"Serialization.SerializeVector" time elapsed: 00:00:00
----------------------------------------------------------

16/32 Testing: Serialization.SerializeString
16/32 Test: Serialization.SerializeString
Command: "/home/oster/OsterLib/tests/serialization_test" "--gtest_filter=Serialization.SerializeString" "--gtest_also_run_disabled_tests"
Directory: /home/oster/OsterLib/tests
"Serialization.SerializeString" start time: Oct 22 16:06 MSK
Output:
----------------------------------------------------------
Note: Google Test filter = Serialization.SerializeString
[==========] Running 1 test from 1 test suite.
[----------] Global test environment set-up.
[----------] 1 test from Serialization
[ RUN      ] Serialization.SerializeString
[       OK ] Serialization.SerializeString (0 ms)
[----------] 1 test from Serialization (0 ms total)

[----------] Global test environment tear-down
[==========] 1 test from 1 test suite ran. (0 ms total)
[  PASSED  ] 1 test.
<end of output>
Test time =   0.00 sec
----------------------------------------------------------
Test Passed.
"Serialization.SerializeString" end time: Oct 22 16:06 MSK
"Serialization.SerializeString" time elapsed: 00:00:00
----------------------------------------------------------

17/32 Testing: Serialization.SerializeDeque
17/32 Test: Serialization.SerializeDeque
Command: "/home/oster/OsterLib/tests/serialization_test" "--gtest_filter=Serialization.SerializeDeque" "--gtest_also_run_disabled_tests"
Directory: /home/oster/OsterLib/tests
"Serialization.SerializeDeque" start time: Oct 22 16:06 MSK
Output:
----------------------------------------------------------
Note: Google Test filter = Serialization.SerializeDeque
[==========] Running 1 test from 1 test suite.
[----------] Global test environment set-up.
[----------] 1 test from Serialization
[ RUN      ] Serialization.SerializeDeque
[       OK ] Serialization.SerializeDeque (0 ms)
[----------] 1 test from Serialization (0 ms total)

[----------] Global test environment tear-down
[==========] 1 test from 1 test suite ran. (0 ms total)
[  PASSED  ] 1 test.
<end of output>
Test time =   0.00 sec
----------------------------------------------------------
Test Passed.
"Serialization.SerializeDeque" end time: Oct 22 16:06 MSK
"Serialization.SerializeDeque" time elapsed: 00:00:00
----------------------------------------------------------

18/32 Testing: Serialization.SerializeSet
18/32 Test: Serialization.SerializeSet
Command: "/home/oster/OsterLib/tests/serialization_test" "--gtest_filter=Serialization.SerializeSet" "--gtest_also_run_disabled_tests"
Directory: /home/oster/OsterLib/tests
"Serialization.SerializeSet" start time: Oct 22 16:06 MSK
Output:
----------------------------------------------------------
Note: Google Test filter = Serialization.SerializeSet
[==========] Running 1 test from 1 test suite.
[----------] Global test environment set-up.
[----------] 1 test from Serialization
[ RUN      ] Serialization.SerializeSet
[       OK ] Serialization.SerializeSet (0 ms)
[----------] 1 test from Serialization (0 ms total)

[----------] Global test environment tear-down
[==========] 1 test from 1 test suite ran. (0 ms total)
[  PASSED  ] 1 test.
<end of output>
Test time =   0.00 sec
----------------------------------------------------------
Test Passed.
"Serialization.SerializeSet" end time: Oct 22 16:06 MSK
"Serialization.SerializeSet" time elapsed: 00:00:00
----------------------------------------------------------

19/32 Testing: Serialization.SerializeUnorderedSet
19/32 Test: Serialization.SerializeUnorderedSet
Command: "/home/oster/OsterLib/tests/serialization_test" "--gtest_filter=Serialization.SerializeUnorderedSet" "--gtest_also_run_disabled_tests"
Directory: /home/oster/OsterLib/tests
"Serialization.SerializeUnorderedSet" start time: Oct 22 16:06 MSK
Output:
----------------------------------------------------------
Note: Google Test filter = Serialization.SerializeUnorderedSet
[==========] Running 1 test from 1 test suite.
[----------] Global test environment set-up.
[----------] 1 test from Serialization
[ RUN      ] Serialization.SerializeUnorderedSet
[       OK ] Serialization.SerializeUnorderedSet (0 ms)
[----------] 1 test from Serialization (0 ms total)

[----------] Global test environment tear-down
[==========] 1 test from 1 test suite ran. (0 ms total)
[  PASSED  ] 1 test.
<end of output>
Test time =   0.00 sec
----------------------------------------------------------
Test Passed.
"Serialization.SerializeUnorderedSet" end time: Oct 22 16:06 MSK
"Serialization.SerializeUnorderedSet" time elapsed: 00:00:00
----------------------------------------------------------

20/32 Testing: Serialization.SerializeMap
20/32 Test: Serialization.SerializeMap
Command: "/home/oster/OsterLib/tests/serialization_test" "--gtest_filter=Serialization.SerializeMap" "--gtest_also_run_disabled_tests"
Directory: /home/oster/OsterLib/tests
"Serialization.SerializeMap" start time: Oct 22 16:06 MSK
Output:
----------------------------------------------------------
Note: Google Test filter = Serialization.SerializeMap
[==========] Running 1 test from 1 test suite.
[----------] Global test environment set-up.
[----------] 1 test from Serialization
[ RUN      ] Serialization.SerializeMap
[       OK ] Serialization.SerializeMap (0 ms)
[----------] 1 test from Serialization (0 ms total)

[----------] Global test environment tear-down
[==========] 1 test from 1 test suite ran. (0 ms total)
[  PASSED  ] 1 test.
<end of output>
Test time =   0.00 sec
----------------------------------------------------------
Test Passed.
"Serialization.SerializeMap" end time: Oct 22 16:06 MSK
"Serialization.SerializeMap" time elapsed: 00:00:00
----------------------------------------------------------

21/32 Testing: Serialization.SerializeUMap
21/32 Test: Serialization.SerializeUMap
Command: "/home/oster/OsterLib/tests/serialization_test" "--gtest_filter=Serialization.SerializeUMap" "--gtest_also_run_disabled_tests"
Directory: /home/oster/OsterLib/tests
"Serialization.SerializeUMap" start time: Oct 22 16:06 MSK
Output:
----------------------------------------------------------
Note: Google Test filter = Serialization.SerializeUMap
[==========] Running 1 test from 1 test suite.
[----------] Global test environment set-up.
[----------] 1 test from Serialization
[ RUN      ] Serialization.SerializeUMap
[       OK ] Serialization.SerializeUMap (0 ms)
[----------] 1 test from Serialization (0 ms total)

[----------] Global test environment tear-down
[==========] 1 test from 1 test suite ran. (0 ms total)
[  PASSED  ] 1 test.
<end of output>
Test time =   0.00 sec
----------------------------------------------------------
Test Passed.
"Serialization.SerializeUMap" end time: Oct 22 16:06 MSK
"Serialization.SerializeUMap" time elapsed: 00:00:00
----------------------------------------------------------

22/32 Testing: Serialization.Variant
22/32 Test: Serialization.Variant
Command: "/home/oster/OsterLib/tests/serialization_test" "--gtest_filter=Serialization.Variant" "--gtest_also_run_disabled_tests"
Directory: /home/oster/OsterLib/tests
"Serialization.Variant" start time: Oct 22 16:06 MSK
Output:
----------------------------------------------------------
Note: Google Test filter = Serialization.Variant
[==========] Running 1 test from 1 test suite.
[----------] Global test environment set-up.
[----------] 1 test from Serialization
[ RUN      ] Serialization.Variant
[       OK ] Serialization.Variant (0 ms)
[----------] 1 test from Serialization (0 ms total)

[----------] Global test environment tear-down
[==========] 1 test from 1 test suite ran. (0 ms total)
[  PASSED  ] 1 test.
<end of output>
Test time =   0.00 sec
----------------------------------------------------------
Test Passed.
"Serialization.Variant" end time: Oct 22 16:06 MSK
"Serialization.Variant" time elapsed: 00:00:00
----------------------------------------------------------

23/32 Testing: Serialization.SerialLimits
23/32 Test: Serialization.SerialLimits
Command: "/home/oster/OsterLib/tests/serialization_test" "--gtest_filter=Serialization.SerialLimits" "--gtest_also_run_disabled_tests"
Directory: /home/oster/OsterLib/tests
"Serialization.SerialLimits" start time: Oct 22 16:06 MSK
Output:
----------------------------------------------------------
Note: Google Test filter = Serialization.SerialLimits
[==========] Running 1 test from 1 test suite.
[----------] Global test environment set-up.
[----------] 1 test from Serialization
[ RUN      ] Serialization.SerialLimits
[       OK ] Serialization.SerialLimits (0 ms)
[----------] 1 test from Serialization (0 ms total)

[----------] Global test environment tear-down
[==========] 1 test from 1 test suite ran. (0 ms total)
[  PASSED  ] 1 test.
<end of output>
Test time =   0.00 sec
----------------------------------------------------------
Test Passed.
"Serialization.SerialLimits" end time: Oct 22 16:06 MSK
"Serialization.SerialLimits" time elapsed: 00:00:00
----------------------------------------------------------

24/32 Testing: TimeIntervalTest.TimeIntervalInitTest
24/32 Test: TimeIntervalTest.TimeIntervalInitTest
Command: "/home/oster/OsterLib/tests/time_interval_test" "--gtest_filter=TimeIntervalTest.TimeIntervalInitTest" "--gtest_also_run_disabled_tests"
Directory: /home/oster/OsterLib/tests
"TimeIntervalTest.TimeIntervalInitTest" start time: Oct 22 16:06 MSK
Output:
----------------------------------------------------------
Note: Google Test filter = TimeIntervalTest.TimeIntervalInitTest
[==========] Running 1 test from 1 test suite.
[----------] Global test environment set-up.
[----------] 1 test from TimeIntervalTest
[ RUN      ] TimeIntervalTest.TimeIntervalInitTest
[       OK ] TimeIntervalTest.TimeIntervalInitTest (0 ms)
[----------] 1 test from TimeIntervalTest (0 ms total)

[----------] Global test environment tear-down
[==========] 1 test from 1 test suite ran. (0 ms total)
[  PASSED  ] 1 test.
<end of output>
Test time =   0.00 sec
----------------------------------------------------------
Test Passed.
"TimeIntervalTest.TimeIntervalInitTest" end time: Oct 22 16:06 MSK
"TimeIntervalTest.TimeIntervalInitTest" time elapsed: 00:00:00
----------------------------------------------------------

25/32 Testing: TimeIntervalTest.intervals_intersect_test
25/32 Test: TimeIntervalTest.intervals_intersect_test
Command: "/home/oster/OsterLib/tests/time_interval_test" "--gtest_filter=TimeIntervalTest.intervals_intersect_test" "--gtest_also_run_disabled_tests"
Directory: /home/oster/OsterLib/tests
"TimeIntervalTest.intervals_intersect_test" start time: Oct 22 16:06 MSK
Output:
----------------------------------------------------------
Note: Google Test filter = TimeIntervalTest.intervals_intersect_test
[==========] Running 1 test from 1 test suite.
[----------] Global test environment set-up.
[----------] 1 test from TimeIntervalTest
[ RUN      ] TimeIntervalTest.intervals_intersect_test
[       OK ] TimeIntervalTest.intervals_intersect_test (0 ms)
[----------] 1 test from TimeIntervalTest (0 ms total)

[----------] Global test environment tear-down
[==========] 1 test from 1 test suite ran. (0 ms total)
[  PASSED  ] 1 test.
<end of output>
Test time =   0.00 sec
----------------------------------------------------------
Test Passed.
"TimeIntervalTest.intervals_intersect_test" end time: Oct 22 16:06 MSK
"TimeIntervalTest.intervals_intersect_test" time elapsed: 00:00:00
----------------------------------------------------------

26/32 Testing: TimeIntervalTest.interval_intersection_pos_test
26/32 Test: TimeIntervalTest.interval_intersection_pos_test
Command: "/home/oster/OsterLib/tests/time_interval_test" "--gtest_filter=TimeIntervalTest.interval_intersection_pos_test" "--gtest_also_run_disabled_tests"
Directory: /home/oster/OsterLib/tests
"TimeIntervalTest.interval_intersection_pos_test" start time: Oct 22 16:06 MSK
Output:
----------------------------------------------------------
Note: Google Test filter = TimeIntervalTest.interval_intersection_pos_test
[==========] Running 1 test from 1 test suite.
[----------] Global test environment set-up.
[----------] 1 test from TimeIntervalTest
[ RUN      ] TimeIntervalTest.interval_intersection_pos_test
[       OK ] TimeIntervalTest.interval_intersection_pos_test (0 ms)
[----------] 1 test from TimeIntervalTest (0 ms total)

[----------] Global test environment tear-down
[==========] 1 test from 1 test suite ran. (0 ms total)
[  PASSED  ] 1 test.
<end of output>
Test time =   0.00 sec
----------------------------------------------------------
Test Passed.
"TimeIntervalTest.interval_intersection_pos_test" end time: Oct 22 16:06 MSK
"TimeIntervalTest.interval_intersection_pos_test" time elapsed: 00:00:00
----------------------------------------------------------

27/32 Testing: TimeIntervalTest.interval_instersection_test
27/32 Test: TimeIntervalTest.interval_instersection_test
Command: "/home/oster/OsterLib/tests/time_interval_test" "--gtest_filter=TimeIntervalTest.interval_instersection_test" "--gtest_also_run_disabled_tests"
Directory: /home/oster/OsterLib/tests
"TimeIntervalTest.interval_instersection_test" start time: Oct 22 16:06 MSK
Output:
----------------------------------------------------------
Note: Google Test filter = TimeIntervalTest.interval_instersection_test
[==========] Running 1 test from 1 test suite.
[----------] Global test environment set-up.
[----------] 1 test from TimeIntervalTest
[ RUN      ] TimeIntervalTest.interval_instersection_test
[       OK ] TimeIntervalTest.interval_instersection_test (0 ms)
[----------] 1 test from TimeIntervalTest (0 ms total)

[----------] Global test environment tear-down
[==========] 1 test from 1 test suite ran. (0 ms total)
[  PASSED  ] 1 test.
<end of output>
Test time =   0.00 sec
----------------------------------------------------------
Test Passed.
"TimeIntervalTest.interval_instersection_test" end time: Oct 22 16:06 MSK
"TimeIntervalTest.interval_instersection_test" time elapsed: 00:00:00
----------------------------------------------------------

28/32 Testing: TimeSequence.ConstructionTest
28/32 Test: TimeSequence.ConstructionTest
Command: "/home/oster/OsterLib/tests/time_sequence_test" "--gtest_filter=TimeSequence.ConstructionTest" "--gtest_also_run_disabled_tests"
Directory: /home/oster/OsterLib/tests
"TimeSequence.ConstructionTest" start time: Oct 22 16:06 MSK
Output:
----------------------------------------------------------
Note: Google Test filter = TimeSequence.ConstructionTest
[==========] Running 1 test from 1 test suite.
[----------] Global test environment set-up.
[----------] 1 test from TimeSequence
[ RUN      ] TimeSequence.ConstructionTest
[       OK ] TimeSequence.ConstructionTest (0 ms)
[----------] 1 test from TimeSequence (0 ms total)

[----------] Global test environment tear-down
[==========] 1 test from 1 test suite ran. (0 ms total)
[  PASSED  ] 1 test.
<end of output>
Test time =   0.00 sec
----------------------------------------------------------
Test Passed.
"TimeSequence.ConstructionTest" end time: Oct 22 16:06 MSK
"TimeSequence.ConstructionTest" time elapsed: 00:00:00
----------------------------------------------------------

29/32 Testing: TimeSequence.MakeFromRangeTest
29/32 Test: TimeSequence.MakeFromRangeTest
Command: "/home/oster/OsterLib/tests/time_sequence_test" "--gtest_filter=TimeSequence.MakeFromRangeTest" "--gtest_also_run_disabled_tests"
Directory: /home/oster/OsterLib/tests
"TimeSequence.MakeFromRangeTest" start time: Oct 22 16:06 MSK
Output:
----------------------------------------------------------
Note: Google Test filter = TimeSequence.MakeFromRangeTest
[==========] Running 1 test from 1 test suite.
[----------] Global test environment set-up.
[----------] 1 test from TimeSequence
[ RUN      ] TimeSequence.MakeFromRangeTest
[       OK ] TimeSequence.MakeFromRangeTest (0 ms)
[----------] 1 test from TimeSequence (0 ms total)

[----------] Global test environment tear-down
[==========] 1 test from 1 test suite ran. (0 ms total)
[  PASSED  ] 1 test.
<end of output>
Test time =   0.00 sec
----------------------------------------------------------
Test Passed.
"TimeSequence.MakeFromRangeTest" end time: Oct 22 16:06 MSK
"TimeSequence.MakeFromRangeTest" time elapsed: 00:00:00
----------------------------------------------------------

30/32 Testing: TimeSequence.PushTimeTest
30/32 Test: TimeSequence.PushTimeTest
Command: "/home/oster/OsterLib/tests/time_sequence_test" "--gtest_filter=TimeSequence.PushTimeTest" "--gtest_also_run_disabled_tests"
Directory: /home/oster/OsterLib/tests
"TimeSequence.PushTimeTest" start time: Oct 22 16:06 MSK
Output:
----------------------------------------------------------
Note: Google Test filter = TimeSequence.PushTimeTest
[==========] Running 1 test from 1 test suite.
[----------] Global test environment set-up.
[----------] 1 test from TimeSequence
[ RUN      ] TimeSequence.PushTimeTest
[       OK ] TimeSequence.PushTimeTest (0 ms)
[----------] 1 test from TimeSequence (0 ms total)

[----------] Global test environment tear-down
[==========] 1 test from 1 test suite ran. (0 ms total)
[  PASSED  ] 1 test.
<end of output>
Test time =   0.00 sec
----------------------------------------------------------
Test Passed.
"TimeSequence.PushTimeTest" end time: Oct 22 16:06 MSK
"TimeSequence.PushTimeTest" time elapsed: 00:00:00
----------------------------------------------------------

31/32 Testing: TimeSequence.ExtendableTest
31/32 Test: TimeSequence.ExtendableTest
Command: "/home/oster/OsterLib/tests/time_sequence_test" "--gtest_filter=TimeSequence.ExtendableTest" "--gtest_also_run_disabled_tests"
Directory: /home/oster/OsterLib/tests
"TimeSequence.ExtendableTest" start time: Oct 22 16:06 MSK
Output:
----------------------------------------------------------
Note: Google Test filter = TimeSequence.ExtendableTest
[==========] Running 1 test from 1 test suite.
[----------] Global test environment set-up.
[----------] 1 test from TimeSequence
[ RUN      ] TimeSequence.ExtendableTest
[       OK ] TimeSequence.ExtendableTest (0 ms)
[----------] 1 test from TimeSequence (0 ms total)

[----------] Global test environment tear-down
[==========] 1 test from 1 test suite ran. (0 ms total)
[  PASSED  ] 1 test.
<end of output>
Test time =   0.00 sec
----------------------------------------------------------
Test Passed.
"TimeSequence.ExtendableTest" end time: Oct 22 16:06 MSK
"TimeSequence.ExtendableTest" time elapsed: 00:00:00
----------------------------------------------------------

32/32 Testing: TimeSequence.ExtendByIntervalTest
32/32 Test: TimeSequence.ExtendByIntervalTest
Command: "/home/oster/OsterLib/tests/time_sequence_test" "--gtest_filter=TimeSequence.ExtendByIntervalTest" "--gtest_also_run_disabled_tests"
Directory: /home/oster/OsterLib/tests
"TimeSequence.ExtendByIntervalTest" start time: Oct 22 16:06 MSK
Output:
----------------------------------------------------------
Note: Google Test filter = TimeSequence.ExtendByIntervalTest
[==========] Running 1 test from 1 test suite.
[----------] Global test environment set-up.
[----------] 1 test from TimeSequence
[ RUN      ] TimeSequence.ExtendByIntervalTest
[       OK ] TimeSequence.ExtendByIntervalTest (0 ms)
[----------] 1 test from TimeSequence (0 ms total)

[----------] Global test environment tear-down
[==========] 1 test from 1 test suite ran. (0 ms total)
[  PASSED  ] 1 test.
<end of output>
Test time =   0.00 sec
----------------------------------------------------------
Test Passed.
"TimeSequence.ExtendByIntervalTest" end time: Oct 22 16:06 MSK
"TimeSequence.ExtendByIntervalTest" time elapsed: 00:00:00
----------------------------------------------------------

End testing: Oct 22 16:06 MSK
